<?xml version="1.0" encoding="UTF-8"?>
<testng-results ignored="0" total="0" passed="0" failed="0" skipped="0">
  <reporter-output>
  </reporter-output>
  <suite started-at="2024-07-24T09:09:54 IST" name="Default suite" finished-at="2024-07-24T09:09:54 IST" duration-ms="75">
    <groups>
    </groups>
    <test started-at="2024-07-24T09:09:54 IST" name="Default test" finished-at="2024-07-24T09:09:54 IST" duration-ms="75">
      <class name="com.commands.demotestng">
        <test-method is-config="true" signature="Testcase2()[pri:0, instance:com.commands.demotestng@6f53b8a]" started-at="2024-07-24T09:09:54 IST" name="Testcase2" finished-at="2024-07-24T09:09:54 IST" duration-ms="26" status="PASS">
          <reporter-output>
          </reporter-output>
        </test-method> <!-- Testcase2 -->
        <test-method is-config="true" signature="Testcase1()[pri:0, instance:com.commands.demotestng@6f53b8a]" started-at="2024-07-24T09:09:54 IST" name="Testcase1" finished-at="2024-07-24T09:09:54 IST" duration-ms="1" status="PASS">
          <reporter-output>
          </reporter-output>
        </test-method> <!-- Testcase1 -->
      </class> <!-- com.commands.demotestng -->
    </test> <!-- Default test -->
  </suite> <!-- Default suite -->
</testng-results>
